<?xml version="1.0" encoding="UTF-8"?>
<testsuite name="tracker.SampleTest" tests="1" skipped="0" failures="0" errors="0" timestamp="2023-01-14T19:11:30" hostname="MBP-Beata.int.black-cat.tech" time="0.037">
  <properties/>
  <testcase name="test()" classname="tracker.SampleTest" time="0.037"/>
  <system-out><![CDATA[]]></system-out>
  <system-err><![CDATA[]]></system-err>
</testsuite>
