<?xml version="1.0" encoding="UTF-8"?>
<testsuite name="LearningProgressTrackerTest" tests="1" skipped="0" failures="0" errors="0" timestamp="2023-01-10T22:17:14" hostname="MBP-Beata.int.black-cat.tech" time="1.378">
  <properties/>
  <testcase name="start" classname="LearningProgressTrackerTest" time="1.378"/>
  <system-out><![CDATA[?[1;31m
Start test 1?[0m
Learning Progress Tracker
> back
Enter 'exit' to exit the program
> exit
Bye!
?[1;31m
Start test 2?[0m
Learning Progress Tracker
> 
No input.
?[1;31m
Start test 3?[0m
Learning Progress Tracker
>   
No input.
?[1;31m
Start test 4?[0m
Learning Progress Tracker
> 	
No input.
?[1;31m
Start test 5?[0m
Learning Progress Tracker
>  	
No input.
?[1;31m
Start test 6?[0m
Learning Progress Tracker
> abc
Unknown command!
?[1;31m
Start test 7?[0m
Learning Progress Tracker
> quit
Unknown command!
?[1;31m
Start test 8?[0m
Learning Progress Tracker
>   brexit 
Unknown command!
?[1;31m
Start test 9?[0m
Learning Progress Tracker
> exi  t
Unknown command!
?[1;31m
Start test 10?[0m
Learning Progress Tracker
> ?
Unknown command!
?[1;31m
Start test 11?[0m
Learning Progress Tracker
> break
Unknown command!
?[1;31m
Start test 12?[0m
Learning Progress Tracker
> -exit
Unknown command!
?[1;31m
Start test 13?[0m
Learning Progress Tracker
> Ctrl+C
Unknown command!
?[1;31m
Start test 14?[0m
Learning Progress Tracker
> exit please
Unknown command!
?[1;31m
Start test 15?[0m
Learning Progress Tracker
> :q
Unknown command!
?[1;31m
Start test 16?[0m
Learning Progress Tracker
> add students
Enter student credentials or 'back' to return:
> exit
Incorrect credentials.
> back
Total 0 students have been added
> back
Enter 'exit' to exit the program
> exit
Bye!
?[1;31m
Start test 17?[0m
Learning Progress Tracker
> add students
Enter student credentials or 'back' to return:
> John Smith jsmith@hotmail.com
The student has been added.
> Anny Doolittle anny.md@mail.edu
The student has been added.
> Jean-Claude O'Connor jcda123@google.net
The student has been added.
> Mary Emelianenko 125367at@zzz90.z9
The student has been added.
> Al Owen u15da125@a1s2f4f7.a1c2c5s4
The student has been added.
> Robert Jemison Van de Graaff robertvdgraaff@mit.edu
The student has been added.
> Ed Eden a1@a1.a1
The student has been added.
> na'me s-u ii@ii.ii
The student has been added.
> n'a me su aa-b'b ab@ab.ab
The student has been added.
> nA me 1@1.1
The student has been added.
> back
Total 10 students have been added
?[1;31m
Start test 18?[0m
Learning Progress Tracker
> add students
Enter student credentials or 'back' to return:
> 
Incorrect credentials.
>  	
Incorrect credentials.
> name surname
Incorrect credentials.
> n surname email@email.xyz
Incorrect first name.
> 'name surname email@email.xyz
Incorrect first name.
> -name surname email@email.xyz
Incorrect first name.
> name- surname email@email.xyz
Incorrect first name.
> name' surname email@email.xyz
Incorrect first name.
> nam-'e surname email@email.xyz
Incorrect first name.
> na'-me surname email@email.xyz
Incorrect first name.
> na--me surname email@email.xyz
Incorrect first name.
> na''me surname email@email.xyz
Incorrect first name.
> námé surname email@email.xyz
Incorrect first name.
> name s email@email.xyz
Incorrect last name.
> name -surname email@email.xyz
Incorrect last name.
> name 'surname email@email.xyz
Incorrect last name.
> name surnam''e email@email.xyz
Incorrect last name.
> name surn--ame email@email.xyz
Incorrect last name.
> name s'-urname email@email.xyz
Incorrect last name.
> name su-'rname email@email.xyz
Incorrect last name.
> name surname- email@email.xyz
Incorrect last name.
> name surname' email@email.xyz
Incorrect last name.
> name surnámé email@email.xyz
Incorrect last name.
> name surname emailemail.xyz
Incorrect email.
> name surname email@emailxyz
Incorrect email.
> name surname email@e@mail.xyz
Incorrect email.
> back
Total 0 students have been added
?[1;31m
Start test 19?[0m
Learning Progress Tracker
> add students
Enter student credentials or 'back' to return:
> back
Total 0 students have been added
> list
No students found.
?[1;31m
Start test 20?[0m
Learning Progress Tracker
> add students
Enter student credentials or 'back' to return:
> Trixie Winer address1@mail.com
The student has been added.
> Trixie Winer address1@mail.com
This email is already taken.
> Elysha Quinlan address2@mail.com
The student has been added.
> Elysha Quinlan address2@mail.com
This email is already taken.
> Aurie Dorisa address3@mail.com
The student has been added.
> Aurie Dorisa address3@mail.com
This email is already taken.
> Marisa Firman address4@mail.com
The student has been added.
> Marisa Firman address4@mail.com
This email is already taken.
> Carmella Campman address5@mail.com
The student has been added.
> Carmella Campman address5@mail.com
This email is already taken.
> Dalia Gleeson address6@mail.com
The student has been added.
> Dalia Gleeson address6@mail.com
This email is already taken.
> Brandise Hardan address7@mail.com
The student has been added.
> Brandise Hardan address7@mail.com
This email is already taken.
> Roxi Hett address8@mail.com
The student has been added.
> Roxi Hett address8@mail.com
This email is already taken.
> Ann Agnella address9@mail.com
The student has been added.
> Ann Agnella address9@mail.com
This email is already taken.
> Leola Whelan address10@mail.com
The student has been added.
> Leola Whelan address10@mail.com
This email is already taken.
> Toby Bleier address11@mail.com
The student has been added.
> Toby Bleier address11@mail.com
This email is already taken.
> Van Fawnia address12@mail.com
The student has been added.
> Van Fawnia address12@mail.com
This email is already taken.
> back
Total 12 students have been added
?[1;31m
Start test 21?[0m
Learning Progress Tracker
> add students
Enter student credentials or 'back' to return:
> Nonna Miko address1@mail.com
The student has been added.
> Francesca Francis address2@mail.com
The student has been added.
> Karee Antoinetta address3@mail.com
The student has been added.
> Marisa Firman address4@mail.com
The student has been added.
> Gwenette Anagnos address5@mail.com
The student has been added.
> Hedwig Wally address6@mail.com
The student has been added.
> Dalia Gleeson address7@mail.com
The student has been added.
> Roxi Hett address8@mail.com
The student has been added.
> Amye Uriisa address9@mail.com
The student has been added.
> Annecorinne Ause address10@mail.com
The student has been added.
> Natka Herculie address11@mail.com
The student has been added.
> Lebbie Alabaster address12@mail.com
The student has been added.
> back
Total 12 students have been added
> list
Students:
53378
50338
17511
23612
67264
14986
53820
41457
58659
861
3500
45039
?[1;31m
Start test 22?[0m
Learning Progress Tracker
> add points
Enter an id and points or 'back' to return:
> back
> back
Enter 'exit' to exit the program
> exit
Bye!
?[1;31m
Start test 23?[0m
Learning Progress Tracker
> add students
Enter student credentials or 'back' to return:
> Nonna Miko address1@mail.com
The student has been added.
> Elwira Florrie address2@mail.com
The student has been added.
> Karee Antoinetta address3@mail.com
The student has been added.
> Tasha Chem address4@mail.com
The student has been added.
> Charlena Girardo address5@mail.com
The student has been added.
> Leola Whelan address6@mail.com
The student has been added.
> back
Total 6 students have been added
> list
Students:
53378
50338
17511
23612
67264
14986
> add points
Enter an id and points or 'back' to return:
> 53378 
Incorrect points format.
> 53378 -1 1 1 1
Incorrect points format.
> 53378 1 1 2 A
Incorrect points format.
> 53378 1 1 1
Incorrect points format.
> 53378 1 1 1 1 1
Incorrect points format.
> imsurethereisnosuchstudentid 1 1 1 1
No student is found for id=imsurethereisnosuchstudentid.
?[1;31m
Start test 24?[0m
Learning Progress Tracker
> add students
Enter student credentials or 'back' to return:
> Beatrisa Jegar address1@mail.com
The student has been added.
> Lebbie Alabaster address2@mail.com
The student has been added.
> Leola Whelan address3@mail.com
The student has been added.
> Hedwig Wally address4@mail.com
The student has been added.
> Van Fawnia address5@mail.com
The student has been added.
> Gwenette Anagnos address6@mail.com
The student has been added.
> back
Total 6 students have been added
> list
Students:
53378
50338
17511
23612
67264
14986
> add points
Enter an id and points or 'back' to return:
> 53378 10 6 4 6
Points updated.
> 50338 10 10 10 7
Points updated.
> 17511 8 2 8 10
Points updated.
> 23612 4 9 1 3
Points updated.
> 67264 6 3 4 10
Points updated.
> 14986 9 3 6 5
Points updated.
?[1;31m
Start test 25?[0m
Learning Progress Tracker
> find
Enter an id or 'back' to return:
> back
> back
Enter 'exit' to exit the program
> exit
Bye!
?[1;31m
Start test 26?[0m
Learning Progress Tracker
> add students
Enter student credentials or 'back' to return:
> Leola Whelan address1@mail.com
The student has been added.
> Tasha Chem address2@mail.com
The student has been added.
> Anjanette Uis address3@mail.com
The student has been added.
> Francesca Francis address4@mail.com
The student has been added.
> Barbara-Anne Chicky address5@mail.com
The student has been added.
> back
Total 5 students have been added
> list
Students:
53378
50338
17511
23612
67264
> add points
Enter an id and points or 'back' to return:
> 53378 0 0 0 0
Points updated.
> 53378 0 0 0 0
Points updated.
> 50338 1 1 1 1
Points updated.
> 50338 1 1 1 1
Points updated.
> 17511 2 2 2 2
Points updated.
> 17511 2 2 2 2
Points updated.
> 23612 3 3 3 3
Points updated.
> 23612 3 3 3 3
Points updated.
> 67264 4 4 4 4
Points updated.
> 67264 4 4 4 4
Points updated.
> back
> find
Enter an id or 'back' to return:
> 53378
53378 points: Java=0; DSA=0; Databases=0; Spring=0
> 50338
50338 points: Java=2; DSA=2; Databases=2; Spring=2
> 17511
17511 points: Java=4; DSA=4; Databases=4; Spring=4
> 23612
23612 points: Java=6; DSA=6; Databases=6; Spring=6
> 67264
67264 points: Java=8; DSA=8; Databases=8; Spring=8
]]></system-out>
  <system-err><![CDATA[]]></system-err>
</testsuite>
